# JRE version: Java(TM) SE Runtime Environment (8.0_202-b08) (build 1.8.0_202-b08)
# Java VM: Java HotSpot(TM) 64-Bit Server VM (25.202-b08 mixed mode windows-amd64 compressed oops)
Heap:
 PSYoungGen      total 73728K, used 51685K [0x000000076e000000, 0x0000000775180000, 0x00000007c0000000)
  eden space 63488K, 69% used [0x000000076e000000,0x0000000770b49668,0x0000000771e00000)
  from space 10240K, 71% used [0x0000000772800000,0x0000000772f30000,0x0000000773200000)
  to   space 10240K, 0% used [0x0000000771e00000,0x0000000771e00000,0x0000000772800000)
 ParOldGen       total 114176K, used 15965K [0x00000006ca000000, 0x00000006d0f80000, 0x000000076e000000)
  object space 114176K, 13% used [0x00000006ca000000,0x00000006caf97790,0x00000006d0f80000)
 Metaspace       used 22123K, capacity 22478K, committed 22704K, reserved 1069056K
  class space    used 2594K, capacity 2745K, committed 2816K, reserved 1048576K
GC Heap History (10 events):
Event: 0.808 GC heap before
{Heap before GC invocations=1 (full 0):
 PSYoungGen      total 73728K, used 63488K [0x000000076e000000, 0x0000000773200000, 0x00000007c0000000)
  eden space 63488K, 100% used [0x000000076e000000,0x0000000771e00000,0x0000000771e00000)
  from space 10240K, 0% used [0x0000000772800000,0x0000000772800000,0x0000000773200000)
  to   space 10240K, 0% used [0x0000000771e00000,0x0000000771e00000,0x0000000772800000)
 ParOldGen       total 167936K, used 0K [0x00000006ca000000, 0x00000006d4400000, 0x000000076e000000)
  object space 167936K, 0% used [0x00000006ca000000,0x00000006ca000000,0x00000006d4400000)
 Metaspace       used 11053K, capacity 11306K, committed 11520K, reserved 1058816K
  class space    used 1357K, capacity 1447K, committed 1536K, reserved 1048576K
Event: 0.814 GC heap after
Heap after GC invocations=1 (full 0):
 PSYoungGen      total 73728K, used 9661K [0x000000076e000000, 0x0000000773200000, 0x00000007c0000000)
  eden space 63488K, 0% used [0x000000076e000000,0x000000076e000000,0x0000000771e00000)
  from space 10240K, 94% used [0x0000000771e00000,0x000000077276f7f8,0x0000000772800000)
  to   space 10240K, 0% used [0x0000000772800000,0x0000000772800000,0x0000000773200000)
 ParOldGen       total 167936K, used 16K [0x00000006ca000000, 0x00000006d4400000, 0x000000076e000000)
  object space 167936K, 0% used [0x00000006ca000000,0x00000006ca004000,0x00000006d4400000)
 Metaspace       used 11053K, capacity 11306K, committed 11520K, reserved 1058816K
  class space    used 1357K, capacity 1447K, committed 1536K, reserved 1048576K
}
Event: 2.082 GC heap before
{Heap before GC invocations=2 (full 0):
 PSYoungGen      total 73728K, used 73149K [0x000000076e000000, 0x0000000773200000, 0x00000007c0000000)
  eden space 63488K, 100% used [0x000000076e000000,0x0000000771e00000,0x0000000771e00000)
  from space 10240K, 94% used [0x0000000771e00000,0x000000077276f7f8,0x0000000772800000)
  to   space 10240K, 0% used [0x0000000772800000,0x0000000772800000,0x0000000773200000)
 ParOldGen       total 167936K, used 16K [0x00000006ca000000, 0x00000006d4400000, 0x000000076e000000)
  object space 167936K, 0% used [0x00000006ca000000,0x00000006ca004000,0x00000006d4400000)
 Metaspace       used 15067K, capacity 15354K, committed 15616K, reserved 1062912K
  class space    used 1827K, capacity 1945K, committed 2048K, reserved 1048576K
Event: 2.101 GC heap after
Heap after GC invocations=2 (full 0):
 PSYoungGen      total 73728K, used 10209K [0x000000076e000000, 0x0000000777000000, 0x00000007c0000000)
  eden space 63488K, 0% used [0x000000076e000000,0x000000076e000000,0x0000000771e00000)
  from space 10240K, 99% used [0x0000000772800000,0x00000007731f8480,0x0000000773200000)
  to   space 10240K, 0% used [0x0000000771e00000,0x0000000771e00000,0x0000000772800000)
 ParOldGen       total 167936K, used 1636K [0x00000006ca000000, 0x00000006d4400000, 0x000000076e000000)
  object space 167936K, 0% used [0x00000006ca000000,0x00000006ca199198,0x00000006d4400000)
 Metaspace       used 15067K, capacity 15354K, committed 15616K, reserved 1062912K
  class space    used 1827K, capacity 1945K, committed 2048K, reserved 1048576K
}
Event: 6.032 GC heap before
{Heap before GC invocations=3 (full 0):
 PSYoungGen      total 73728K, used 61636K [0x000000076e000000, 0x0000000777000000, 0x00000007c0000000)
  eden space 63488K, 81% used [0x000000076e000000,0x0000000771238ca8,0x0000000771e00000)
  from space 10240K, 99% used [0x0000000772800000,0x00000007731f8480,0x0000000773200000)
  to   space 10240K, 0% used [0x0000000771e00000,0x0000000771e00000,0x0000000772800000)
 ParOldGen       total 167936K, used 1636K [0x00000006ca000000, 0x00000006d4400000, 0x000000076e000000)
  object space 167936K, 0% used [0x00000006ca000000,0x00000006ca199198,0x00000006d4400000)
 Metaspace       used 20752K, capacity 21062K, committed 21296K, reserved 1069056K
  class space    used 2501K, capacity 2669K, committed 2688K, reserved 1048576K
Event: 6.042 GC heap after
Heap after GC invocations=3 (full 0):
 PSYoungGen      total 73728K, used 10232K [0x000000076e000000, 0x0000000773200000, 0x00000007c0000000)
  eden space 63488K, 0% used [0x000000076e000000,0x000000076e000000,0x0000000771e00000)
  from space 10240K, 99% used [0x0000000771e00000,0x00000007727fe280,0x0000000772800000)
  to   space 10240K, 0% used [0x0000000772800000,0x0000000772800000,0x0000000773200000)
 ParOldGen       total 167936K, used 7650K [0x00000006ca000000, 0x00000006d4400000, 0x000000076e000000)
  object space 167936K, 4% used [0x00000006ca000000,0x00000006ca778850,0x00000006d4400000)
 Metaspace       used 20752K, capacity 21062K, committed 21296K, reserved 1069056K
  class space    used 2501K, capacity 2669K, committed 2688K, reserved 1048576K
}
Event: 6.042 GC heap before
{Heap before GC invocations=4 (full 1):
 PSYoungGen      total 73728K, used 10232K [0x000000076e000000, 0x0000000773200000, 0x00000007c0000000)
  eden space 63488K, 0% used [0x000000076e000000,0x000000076e000000,0x0000000771e00000)
  from space 10240K, 99% used [0x0000000771e00000,0x00000007727fe280,0x0000000772800000)
  to   space 10240K, 0% used [0x0000000772800000,0x0000000772800000,0x0000000773200000)
 ParOldGen       total 167936K, used 7650K [0x00000006ca000000, 0x00000006d4400000, 0x000000076e000000)
  object space 167936K, 4% used [0x00000006ca000000,0x00000006ca778850,0x00000006d4400000)
 Metaspace       used 20752K, capacity 21062K, committed 21296K, reserved 1069056K
  class space    used 2501K, capacity 2669K, committed 2688K, reserved 1048576K
Event: 6.078 GC heap after
Heap after GC invocations=4 (full 1):
 PSYoungGen      total 73728K, used 0K [0x000000076e000000, 0x0000000773200000, 0x00000007c0000000)
  eden space 63488K, 0% used [0x000000076e000000,0x000000076e000000,0x0000000771e00000)
  from space 10240K, 0% used [0x0000000771e00000,0x0000000771e00000,0x0000000772800000)
  to   space 10240K, 0% used [0x0000000772800000,0x0000000772800000,0x0000000773200000)
 ParOldGen       total 114176K, used 15957K [0x00000006ca000000, 0x00000006d0f80000, 0x000000076e000000)
  object space 114176K, 13% used [0x00000006ca000000,0x00000006caf95790,0x00000006d0f80000)
 Metaspace       used 20752K, capacity 21062K, committed 21296K, reserved 1069056K
  class space    used 2501K, capacity 2669K, committed 2688K, reserved 1048576K
}
Event: 10.536 GC heap before
{Heap before GC invocations=5 (full 1):
 PSYoungGen      total 73728K, used 63488K [0x000000076e000000, 0x0000000773200000, 0x00000007c0000000)
  eden space 63488K, 100% used [0x000000076e000000,0x0000000771e00000,0x0000000771e00000)
  from space 10240K, 0% used [0x0000000771e00000,0x0000000771e00000,0x0000000772800000)
  to   space 10240K, 0% used [0x0000000772800000,0x0000000772800000,0x0000000773200000)
 ParOldGen       total 114176K, used 15957K [0x00000006ca000000, 0x00000006d0f80000, 0x000000076e000000)
  object space 114176K, 13% used [0x00000006ca000000,0x00000006caf95790,0x00000006d0f80000)
 Metaspace       used 21816K, capacity 22190K, committed 22448K, reserved 1069056K
  class space    used 2580K, capacity 2713K, committed 2816K, reserved 1048576K
Event: 10.538 GC heap after
Heap after GC invocations=5 (full 1):
 PSYoungGen      total 73728K, used 7360K [0x000000076e000000, 0x0000000775180000, 0x00000007c0000000)
  eden space 63488K, 0% used [0x000000076e000000,0x000000076e000000,0x0000000771e00000)
  from space 10240K, 71% used [0x0000000772800000,0x0000000772f30000,0x0000000773200000)
  to   space 10240K, 0% used [0x0000000771e00000,0x0000000771e00000,0x0000000772800000)
 ParOldGen       total 114176K, used 15965K [0x00000006ca000000, 0x00000006d0f80000, 0x000000076e000000)
  object space 114176K, 13% used [0x00000006ca000000,0x00000006caf97790,0x00000006d0f80000)
 Metaspace       used 21816K, capacity 22190K, committed 22448K, reserved 1069056K
  class space    used 2580K, capacity 2713K, committed 2816K, reserved 1048576K
}

